0 info it worked if it ends with ok
1 verbose cli [ 'D:\\Node\\\\node.exe',
1 verbose cli   'D:\\Node\\node_modules\\npm\\bin\\npm-cli.js',
1 verbose cli   'publish' ]
2 info using npm@2.7.0
3 info using node@v0.10.33
4 verbose node symlink D:\Node\\node.exe
5 verbose publish [ '.' ]
6 silly cache add args [ '.', null ]
7 verbose cache add spec .
8 silly cache add parsed spec { raw: '.',
8 silly cache add   scope: null,
8 silly cache add   name: null,
8 silly cache add   rawSpec: '.',
8 silly cache add   spec: 'D:\\Node\\MY MODULES\\js-quatities-all',
8 silly cache add   type: 'directory' }
9 verbose addLocalDirectory C:\Users\TCM\AppData\Roaming\npm-cache\js-quantities-all\0.0.2\package.tgz not in flight; packing
10 verbose tar pack [ 'C:\\Users\\TCM\\AppData\\Roaming\\npm-cache\\js-quantities-all\\0.0.2\\package.tgz',
10 verbose tar pack   'D:\\Node\\MY MODULES\\js-quatities-all' ]
11 verbose tarball C:\Users\TCM\AppData\Roaming\npm-cache\js-quantities-all\0.0.2\package.tgz
12 verbose folder D:\Node\MY MODULES\js-quatities-all
13 info prepublish js-quantities-all@0.0.2
14 verbose addLocalTarball adding from inside cache C:\Users\TCM\AppData\Roaming\npm-cache\js-quantities-all\0.0.2\package.tgz
15 silly cache afterAdd js-quantities-all@0.0.2
16 verbose afterAdd C:\Users\TCM\AppData\Roaming\npm-cache\js-quantities-all\0.0.2\package\package.json not in flight; writing
17 verbose afterAdd C:\Users\TCM\AppData\Roaming\npm-cache\js-quantities-all\0.0.2\package\package.json written
18 silly publish { name: 'js-quantities-all',
18 silly publish   version: '0.0.2',
18 silly publish   description: 'An Edit of: JS-quantities is originally a JavaScript port of Kevin Olbrich\'s library Ruby Units (http://github.com/olbrich/ruby-units).',
18 silly publish   main: 'index.js',
18 silly publish   scripts: { test: 'echo "Error: no test specified" && exit 1' },
18 silly publish   repository:
18 silly publish    { type: 'git',
18 silly publish      url: 'https://github.com/mugendi/quantities.git' },
18 silly publish   keywords: [ 'convert', 'conversion', 'units', 'math' ],
18 silly publish   author: { name: 'Anthony Mugendi', url: 'ngurumugz@gmail.com' },
18 silly publish   license: 'MIT',
18 silly publish   bugs: { url: 'https://github.com/mugendi/quantities/issues' },
18 silly publish   homepage: 'https://github.com/mugendi/quantities',
18 silly publish   dependencies: { lodash: '^3.10.0' },
18 silly publish   gitHead: '0d12f83422f67a6e5bf369c6b112825a45b3801b',
18 silly publish   readme: 'ERROR: No README data found!',
18 silly publish   _id: 'js-quantities-all@0.0.2',
18 silly publish   _shasum: 'c7d024e04096b52fa50dad580c899003363ba54f',
18 silly publish   _from: '.' }
19 silly mapToRegistry name js-quantities-all
20 silly mapToRegistry using default registry
21 silly mapToRegistry registry https://registry.npmjs.org/
22 silly mapToRegistry uri https://registry.npmjs.org/js-quantities-all
23 verbose publish registryBase https://registry.npmjs.org/
24 silly publish uploading C:\Users\TCM\AppData\Roaming\npm-cache\js-quantities-all\0.0.2\package.tgz
25 verbose request uri https://registry.npmjs.org/js-quantities-all
26 verbose request sending authorization for write operation
27 info attempt registry request try #1 at 18:31:43
28 verbose request using bearer token for auth
29 verbose request id 1bfeaf84c5c32e28
30 http request PUT https://registry.npmjs.org/js-quantities-all
31 http 403 https://registry.npmjs.org/js-quantities-all
32 verbose headers { 'content-type': 'application/json',
32 verbose headers   'cache-control': 'max-age=60',
32 verbose headers   'content-length': '95',
32 verbose headers   'accept-ranges': 'bytes',
32 verbose headers   date: 'Mon, 20 Jul 2015 15:31:44 GMT',
32 verbose headers   via: '1.1 varnish',
32 verbose headers   connection: 'keep-alive',
32 verbose headers   'x-served-by': 'cache-lhr6320-LHR',
32 verbose headers   'x-cache': 'MISS',
32 verbose headers   'x-cache-hits': '0',
32 verbose headers   'x-timer': 'S1437406303.806869,VS0,VE748' }
33 verbose request invalidating C:\Users\TCM\AppData\Roaming\npm-cache\registry.npmjs.org\js-quantities-all on PUT
34 error publish Failed PUT 403
35 verbose stack Error: "You cannot publish over the previously published version 0.0.2." : js-quantities-all
35 verbose stack     at CachingRegistryClient.<anonymous> (D:\Node\node_modules\npm\node_modules\npm-registry-client\lib\request.js:254:14)
35 verbose stack     at Request._callback (D:\Node\node_modules\npm\node_modules\npm-registry-client\lib\request.js:178:14)
35 verbose stack     at Request.self.callback (D:\Node\node_modules\npm\node_modules\request\request.js:344:22)
35 verbose stack     at Request.emit (events.js:98:17)
35 verbose stack     at Request.<anonymous> (D:\Node\node_modules\npm\node_modules\request\request.js:1239:14)
35 verbose stack     at Request.emit (events.js:117:20)
35 verbose stack     at IncomingMessage.<anonymous> (D:\Node\node_modules\npm\node_modules\request\request.js:1187:12)
35 verbose stack     at IncomingMessage.emit (events.js:117:20)
35 verbose stack     at _stream_readable.js:943:16
35 verbose stack     at process._tickCallback (node.js:419:13)
36 verbose statusCode 403
37 verbose pkgid js-quantities-all
38 verbose cwd D:\Node\MY MODULES\js-quatities-all
39 error Windows_NT 6.1.7601
40 error argv "D:\\Node\\\\node.exe" "D:\\Node\\node_modules\\npm\\bin\\npm-cli.js" "publish"
41 error node v0.10.33
42 error npm  v2.7.0
43 error code E403
44 error "You cannot publish over the previously published version 0.0.2." : js-quantities-all
45 error If you need help, you may report this error at:
45 error     <http://github.com/npm/npm/issues>
46 verbose exit [ 1, true ]
